c:\users\frieda\desktop\myfunc-master\myfunc-master\myfun\release\myfun.pch
c:\users\frieda\desktop\myfunc-master\myfunc-master\myfun\release\vc120.pdb
c:\users\frieda\desktop\myfunc-master\myfunc-master\myfun\release\stdafx.obj
c:\users\frieda\desktop\myfunc-master\myfunc-master\myfun\release\writeframedlg.obj
c:\users\frieda\desktop\myfunc-master\myfunc-master\myfun\release\videoprosingledlg.obj
c:\users\frieda\desktop\myfunc-master\myfunc-master\myfun\release\utility.obj
c:\users\frieda\desktop\myfunc-master\myfunc-master\myfun\release\mystatic.obj
c:\users\frieda\desktop\myfunc-master\myfunc-master\myfun\release\myfundlg.obj
c:\users\frieda\desktop\myfunc-master\myfunc-master\myfun\release\myfun.obj
c:\users\frieda\desktop\myfunc-master\myfunc-master\myfun\release\imageproc.obj
c:\users\frieda\desktop\myfunc-master\myfunc-master\myfun\release\cvvimage.obj
c:\users\frieda\desktop\myfunc-master\myfunc-master\release\myfun.exe
c:\users\frieda\desktop\myfunc-master\myfunc-master\release\myfun.pdb
c:\users\frieda\desktop\myfunc-master\myfunc-master\myfun\release\myfun.res
c:\users\frieda\desktop\myfunc-master\myfunc-master\myfun\release\myfun.tlog\cl.command.1.tlog
c:\users\frieda\desktop\myfunc-master\myfunc-master\myfun\release\myfun.tlog\cl.read.1.tlog
c:\users\frieda\desktop\myfunc-master\myfunc-master\myfun\release\myfun.tlog\cl.write.1.tlog
c:\users\frieda\desktop\myfunc-master\myfunc-master\myfun\release\myfun.tlog\link.command.1.tlog
c:\users\frieda\desktop\myfunc-master\myfunc-master\myfun\release\myfun.tlog\link.read.1.tlog
c:\users\frieda\desktop\myfunc-master\myfunc-master\myfun\release\myfun.tlog\link.write.1.tlog
c:\users\frieda\desktop\myfunc-master\myfunc-master\myfun\release\myfun.tlog\rc.command.1.tlog
c:\users\frieda\desktop\myfunc-master\myfunc-master\myfun\release\myfun.tlog\rc.read.1.tlog
c:\users\frieda\desktop\myfunc-master\myfunc-master\myfun\release\myfun.tlog\rc.write.1.tlog
